0 info it worked if it ends with ok
1 verbose cli [ '/usr/local/bin/node', '/usr/local/bin/npm', 'run', 'build' ]
2 info using npm@3.10.10
3 info using node@v6.12.0
4 verbose run-script [ 'prebuild', 'build', 'postbuild' ]
5 info lifecycle vue-demo@1.0.0~prebuild: vue-demo@1.0.0
6 silly lifecycle vue-demo@1.0.0~prebuild: no script for prebuild, continuing
7 info lifecycle vue-demo@1.0.0~build: vue-demo@1.0.0
8 verbose lifecycle vue-demo@1.0.0~build: unsafe-perm in lifecycle true
9 verbose lifecycle vue-demo@1.0.0~build: PATH: /usr/local/lib/node_modules/npm/bin/node-gyp-bin:/Users/zwh/work/git/vue-calendar/node_modules/.bin:/usr/local/bin:/usr/bin:/bin:/usr/sbin:/sbin
10 verbose lifecycle vue-demo@1.0.0~build: CWD: /Users/zwh/work/git/vue-calendar
11 silly lifecycle vue-demo@1.0.0~build: Args: [ '-c', 'node build/build.js' ]
12 silly lifecycle vue-demo@1.0.0~build: Returned: code: 1  signal: null
13 info lifecycle vue-demo@1.0.0~build: Failed to exec build script
14 verbose stack Error: vue-demo@1.0.0 build: `node build/build.js`
14 verbose stack Exit status 1
14 verbose stack     at EventEmitter.<anonymous> (/usr/local/lib/node_modules/npm/lib/utils/lifecycle.js:255:16)
14 verbose stack     at emitTwo (events.js:106:13)
14 verbose stack     at EventEmitter.emit (events.js:191:7)
14 verbose stack     at ChildProcess.<anonymous> (/usr/local/lib/node_modules/npm/lib/utils/spawn.js:40:14)
14 verbose stack     at emitTwo (events.js:106:13)
14 verbose stack     at ChildProcess.emit (events.js:191:7)
14 verbose stack     at maybeClose (internal/child_process.js:920:16)
14 verbose stack     at Process.ChildProcess._handle.onexit (internal/child_process.js:230:5)
15 verbose pkgid vue-demo@1.0.0
16 verbose cwd /Users/zwh/work/git/vue-calendar
17 error Darwin 16.6.0
18 error argv "/usr/local/bin/node" "/usr/local/bin/npm" "run" "build"
19 error node v6.12.0
20 error npm  v3.10.10
21 error code ELIFECYCLE
22 error vue-demo@1.0.0 build: `node build/build.js`
22 error Exit status 1
23 error Failed at the vue-demo@1.0.0 build script 'node build/build.js'.
23 error Make sure you have the latest version of node.js and npm installed.
23 error If you do, this is most likely a problem with the vue-demo package,
23 error not with npm itself.
23 error Tell the author that this fails on your system:
23 error     node build/build.js
23 error You can get information on how to open an issue for this project with:
23 error     npm bugs vue-demo
23 error Or if that isn't available, you can get their info via:
23 error     npm owner ls vue-demo
23 error There is likely additional logging output above.
24 verbose exit [ 1, true ]
